# JRE version: OpenJDK Runtime Environment (8.0_152-b01) (build 1.8.0_152-release-1343-b01)
# Java VM: OpenJDK 64-Bit Server VM (25.152-b01 mixed mode windows-amd64 compressed oops)
Heap:
 PSYoungGen      total 446976K, used 124152K [0x00000000e0000000, 0x0000000100000000, 0x0000000100000000)
  eden space 374784K, 19% used [0x00000000e0000000,0x00000000e475f9e8,0x00000000f6e00000)
  from space 72192K, 70% used [0x00000000fb980000,0x00000000feb5e8c8,0x0000000100000000)
  to   space 74752K, 0% used [0x00000000f6e00000,0x00000000f6e00000,0x00000000fb700000)
 ParOldGen       total 453120K, used 104589K [0x00000000a0000000, 0x00000000bba80000, 0x00000000e0000000)
  object space 453120K, 23% used [0x00000000a0000000,0x00000000a6623698,0x00000000bba80000)
 Metaspace       used 169171K, capacity 178176K, committed 179072K, reserved 1206272K
  class space    used 20892K, capacity 22446K, committed 22696K, reserved 1048576K
GC Heap History (10 events):
Event: 7732.361 GC heap before
{Heap before GC invocations=37 (full 5):
 PSYoungGen      total 474112K, used 448625K [0x00000000e0000000, 0x00000000ffe80000, 0x0000000100000000)
  eden space 426496K, 100% used [0x00000000e0000000,0x00000000fa080000,0x00000000fa080000)
  from space 47616K, 46% used [0x00000000fa080000,0x00000000fb61c638,0x00000000fcf00000)
  to   space 45568K, 0% used [0x00000000fd200000,0x00000000fd200000,0x00000000ffe80000)
 ParOldGen       total 453120K, used 80970K [0x00000000a0000000, 0x00000000bba80000, 0x00000000e0000000)
  object space 453120K, 17% used [0x00000000a0000000,0x00000000a4f12930,0x00000000bba80000)
 Metaspace       used 166567K, capacity 174782K, committed 177152K, reserved 1204224K
  class space    used 20619K, capacity 22034K, committed 22568K, reserved 1048576K
Event: 7732.408 GC heap after
Heap after GC invocations=37 (full 5):
 PSYoungGen      total 449024K, used 45555K [0x00000000e0000000, 0x0000000100000000, 0x0000000100000000)
  eden space 403456K, 0% used [0x00000000e0000000,0x00000000e0000000,0x00000000f8a00000)
  from space 45568K, 99% used [0x00000000fd200000,0x00000000ffe7cff0,0x00000000ffe80000)
  to   space 60416K, 0% used [0x00000000f8a00000,0x00000000f8a00000,0x00000000fc500000)
 ParOldGen       total 453120K, used 104557K [0x00000000a0000000, 0x00000000bba80000, 0x00000000e0000000)
  object space 453120K, 23% used [0x00000000a0000000,0x00000000a661b698,0x00000000bba80000)
 Metaspace       used 166567K, capacity 174782K, committed 177152K, reserved 1204224K
  class space    used 20619K, capacity 22034K, committed 22568K, reserved 1048576K
}
Event: 7736.494 GC heap before
{Heap before GC invocations=38 (full 5):
 PSYoungGen      total 449024K, used 448748K [0x00000000e0000000, 0x0000000100000000, 0x0000000100000000)
  eden space 403456K, 99% used [0x00000000e0000000,0x00000000f89be200,0x00000000f8a00000)
  from space 45568K, 99% used [0x00000000fd200000,0x00000000ffe7cff0,0x00000000ffe80000)
  to   space 60416K, 0% used [0x00000000f8a00000,0x00000000f8a00000,0x00000000fc500000)
 ParOldGen       total 453120K, used 104557K [0x00000000a0000000, 0x00000000bba80000, 0x00000000e0000000)
  object space 453120K, 23% used [0x00000000a0000000,0x00000000a661b698,0x00000000bba80000)
 Metaspace       used 167082K, capacity 175410K, committed 177664K, reserved 1204224K
  class space    used 20667K, capacity 22088K, committed 22568K, reserved 1048576K
Event: 7736.516 GC heap after
Heap after GC invocations=38 (full 5):
 PSYoungGen      total 442368K, used 38677K [0x00000000e0000000, 0x0000000100000000, 0x0000000100000000)
  eden space 403456K, 0% used [0x00000000e0000000,0x00000000e0000000,0x00000000f8a00000)
  from space 38912K, 99% used [0x00000000f8a00000,0x00000000fafc5500,0x00000000fb000000)
  to   space 61440K, 0% used [0x00000000fc400000,0x00000000fc400000,0x0000000100000000)
 ParOldGen       total 453120K, used 104565K [0x00000000a0000000, 0x00000000bba80000, 0x00000000e0000000)
  object space 453120K, 23% used [0x00000000a0000000,0x00000000a661d698,0x00000000bba80000)
 Metaspace       used 167082K, capacity 175410K, committed 177664K, reserved 1204224K
  class space    used 20667K, capacity 22088K, committed 22568K, reserved 1048576K
}
Event: 7794.559 GC heap before
{Heap before GC invocations=39 (full 5):
 PSYoungGen      total 442368K, used 442133K [0x00000000e0000000, 0x0000000100000000, 0x0000000100000000)
  eden space 403456K, 100% used [0x00000000e0000000,0x00000000f8a00000,0x00000000f8a00000)
  from space 38912K, 99% used [0x00000000f8a00000,0x00000000fafc5500,0x00000000fb000000)
  to   space 61440K, 0% used [0x00000000fc400000,0x00000000fc400000,0x0000000100000000)
 ParOldGen       total 453120K, used 104565K [0x00000000a0000000, 0x00000000bba80000, 0x00000000e0000000)
  object space 453120K, 23% used [0x00000000a0000000,0x00000000a661d698,0x00000000bba80000)
 Metaspace       used 168266K, capacity 176934K, committed 178304K, reserved 1204224K
  class space    used 20837K, capacity 22359K, committed 22696K, reserved 1048576K
Event: 7794.606 GC heap after
Heap after GC invocations=39 (full 5):
 PSYoungGen      total 453632K, used 50474K [0x00000000e0000000, 0x0000000100000000, 0x0000000100000000)
  eden space 392192K, 0% used [0x00000000e0000000,0x00000000e0000000,0x00000000f7f00000)
  from space 61440K, 82% used [0x00000000fc400000,0x00000000ff54ab70,0x0000000100000000)
  to   space 66048K, 0% used [0x00000000f7f00000,0x00000000f7f00000,0x00000000fbf80000)
 ParOldGen       total 453120K, used 104573K [0x00000000a0000000, 0x00000000bba80000, 0x00000000e0000000)
  object space 453120K, 23% used [0x00000000a0000000,0x00000000a661f698,0x00000000bba80000)
 Metaspace       used 168266K, capacity 176934K, committed 178304K, reserved 1204224K
  class space    used 20837K, capacity 22359K, committed 22696K, reserved 1048576K
}
Event: 8018.620 GC heap before
{Heap before GC invocations=40 (full 5):
 PSYoungGen      total 453632K, used 442666K [0x00000000e0000000, 0x0000000100000000, 0x0000000100000000)
  eden space 392192K, 100% used [0x00000000e0000000,0x00000000f7f00000,0x00000000f7f00000)
  from space 61440K, 82% used [0x00000000fc400000,0x00000000ff54ab70,0x0000000100000000)
  to   space 66048K, 0% used [0x00000000f7f00000,0x00000000f7f00000,0x00000000fbf80000)
 ParOldGen       total 453120K, used 104573K [0x00000000a0000000, 0x00000000bba80000, 0x00000000e0000000)
  object space 453120K, 23% used [0x00000000a0000000,0x00000000a661f698,0x00000000bba80000)
 Metaspace       used 168774K, capacity 177680K, committed 178816K, reserved 1206272K
  class space    used 20867K, capacity 22408K, committed 22696K, reserved 1048576K
Event: 8018.668 GC heap after
Heap after GC invocations=40 (full 5):
 PSYoungGen      total 449024K, used 56774K [0x00000000e0000000, 0x0000000100000000, 0x0000000100000000)
  eden space 392192K, 0% used [0x00000000e0000000,0x00000000e0000000,0x00000000f7f00000)
  from space 56832K, 99% used [0x00000000f7f00000,0x00000000fb671930,0x00000000fb680000)
  to   space 72192K, 0% used [0x00000000fb980000,0x00000000fb980000,0x0000000100000000)
 ParOldGen       total 453120K, used 104581K [0x00000000a0000000, 0x00000000bba80000, 0x00000000e0000000)
  object space 453120K, 23% used [0x00000000a0000000,0x00000000a6621698,0x00000000bba80000)
 Metaspace       used 168774K, capacity 177680K, committed 178816K, reserved 1206272K
  class space    used 20867K, capacity 22408K, committed 22696K, reserved 1048576K
}
Event: 9533.848 GC heap before
{Heap before GC invocations=41 (full 5):
 PSYoungGen      total 449024K, used 448966K [0x00000000e0000000, 0x0000000100000000, 0x0000000100000000)
  eden space 392192K, 100% used [0x00000000e0000000,0x00000000f7f00000,0x00000000f7f00000)
  from space 56832K, 99% used [0x00000000f7f00000,0x00000000fb671930,0x00000000fb680000)
  to   space 72192K, 0% used [0x00000000fb980000,0x00000000fb980000,0x0000000100000000)
 ParOldGen       total 453120K, used 104581K [0x00000000a0000000, 0x00000000bba80000, 0x00000000e0000000)
  object space 453120K, 23% used [0x00000000a0000000,0x00000000a6621698,0x00000000bba80000)
 Metaspace       used 169122K, capacity 178176K, committed 179072K, reserved 1206272K
  class space    used 20890K, capacity 22446K, committed 22696K, reserved 1048576K
Event: 9533.907 GC heap after
Heap after GC invocations=41 (full 5):
 PSYoungGen      total 446976K, used 51066K [0x00000000e0000000, 0x0000000100000000, 0x0000000100000000)
  eden space 374784K, 0% used [0x00000000e0000000,0x00000000e0000000,0x00000000f6e00000)
  from space 72192K, 70% used [0x00000000fb980000,0x00000000feb5e8c8,0x0000000100000000)
  to   space 74752K, 0% used [0x00000000f6e00000,0x00000000f6e00000,0x00000000fb700000)
 ParOldGen       total 453120K, used 104589K [0x00000000a0000000, 0x00000000bba80000, 0x00000000e0000000)
  object space 453120K, 23% used [0x00000000a0000000,0x00000000a6623698,0x00000000bba80000)
 Metaspace       used 169122K, capacity 178176K, committed 179072K, reserved 1206272K
  class space    used 20890K, capacity 22446K, committed 22696K, reserved 1048576K
}

